<?xml version="1.0" encoding="UTF-8"?>
<testng-results ignored="0" total="5" passed="5" failed="0" skipped="0">
  <reporter-output>
  </reporter-output>
  <suite started-at="2021-02-15T16:54:48 IST" name="Suite" finished-at="2021-02-15T16:55:13 IST" duration-ms="25469">
    <groups>
      <group name="cucumber">
        <method signature="AbstractTestNGCucumberTests.runScenario(io.cucumber.testng.PickleWrapper, io.cucumber.testng.FeatureWrapper)[pri:0, instance:TestRun.TestRunner@40bffbca]" name="runScenario" class="io.cucumber.testng.AbstractTestNGCucumberTests"/>
      </group> <!-- cucumber -->
    </groups>
    <test started-at="2021-02-15T16:54:48 IST" name="QA Login " finished-at="2021-02-15T16:55:13 IST" duration-ms="25469">
      <class name="TestRun.TestRunner">
        <test-method is-config="true" signature="setUpClass()[pri:0, instance:TestRun.TestRunner@40bffbca]" started-at="2021-02-15T16:54:48 IST" name="setUpClass" finished-at="2021-02-15T16:54:48 IST" duration-ms="241" status="PASS">
          <reporter-output>
          </reporter-output>
        </test-method> <!-- setUpClass -->
        <test-method signature="runScenario(io.cucumber.testng.PickleWrapper, io.cucumber.testng.FeatureWrapper)[pri:0, instance:TestRun.TestRunner@40bffbca]" started-at="2021-02-15T16:54:48 IST" name="runScenario" description="Runs Cucumber Scenarios" data-provider="scenarios" finished-at="2021-02-15T16:54:57 IST" duration-ms="8888" status="PASS">
          <params>
            <param index="0">
              <value>
                <![CDATA["Integrating Login QA to BDD framework"]]>
              </value>
            </param>
            <param index="1">
              <value>
                <![CDATA["Optional[Login QAClickAcademy]"]]>
              </value>
            </param>
          </params>
          <reporter-output>
          </reporter-output>
        </test-method> <!-- runScenario -->
        <test-method signature="runScenario(io.cucumber.testng.PickleWrapper, io.cucumber.testng.FeatureWrapper)[pri:0, instance:TestRun.TestRunner@40bffbca]" started-at="2021-02-15T16:54:57 IST" name="runScenario" description="Runs Cucumber Scenarios" data-provider="scenarios" finished-at="2021-02-15T16:55:07 IST" duration-ms="10384" status="PASS">
          <params>
            <param index="0">
              <value>
                <![CDATA["Integrating Login QA to BDD framework"]]>
              </value>
            </param>
            <param index="1">
              <value>
                <![CDATA["Optional[Login QAClickAcademy]"]]>
              </value>
            </param>
          </params>
          <reporter-output>
          </reporter-output>
        </test-method> <!-- runScenario -->
        <test-method signature="runScenario(io.cucumber.testng.PickleWrapper, io.cucumber.testng.FeatureWrapper)[pri:0, instance:TestRun.TestRunner@40bffbca]" started-at="2021-02-15T16:55:07 IST" name="runScenario" description="Runs Cucumber Scenarios" data-provider="scenarios" finished-at="2021-02-15T16:55:13 IST" duration-ms="5887" status="PASS">
          <params>
            <param index="0">
              <value>
                <![CDATA["Integrating Login QA to BDD framework"]]>
              </value>
            </param>
            <param index="1">
              <value>
                <![CDATA["Optional[Login QAClickAcademy]"]]>
              </value>
            </param>
          </params>
          <reporter-output>
          </reporter-output>
        </test-method> <!-- runScenario -->
        <test-method signature="runScenario(io.cucumber.testng.PickleWrapper, io.cucumber.testng.FeatureWrapper)[pri:0, instance:TestRun.TestRunner@40bffbca]" started-at="2021-02-15T16:55:13 IST" name="runScenario" description="Runs Cucumber Scenarios" data-provider="scenarios" finished-at="2021-02-15T16:55:13 IST" duration-ms="4" status="PASS">
          <params>
            <param index="0">
              <value>
                <![CDATA["Check if user is able to login"]]>
              </value>
            </param>
            <param index="1">
              <value>
                <![CDATA["Optional[Application Login]"]]>
              </value>
            </param>
          </params>
          <reporter-output>
          </reporter-output>
        </test-method> <!-- runScenario -->
        <test-method signature="runScenario(io.cucumber.testng.PickleWrapper, io.cucumber.testng.FeatureWrapper)[pri:0, instance:TestRun.TestRunner@40bffbca]" started-at="2021-02-15T16:55:13 IST" name="runScenario" description="Runs Cucumber Scenarios" data-provider="scenarios" finished-at="2021-02-15T16:55:13 IST" duration-ms="6" status="PASS">
          <params>
            <param index="0">
              <value>
                <![CDATA["Check if user is able to login"]]>
              </value>
            </param>
            <param index="1">
              <value>
                <![CDATA["Optional[Application Login]"]]>
              </value>
            </param>
          </params>
          <reporter-output>
          </reporter-output>
        </test-method> <!-- runScenario -->
        <test-method is-config="true" signature="tearDownClass()[pri:0, instance:TestRun.TestRunner@40bffbca]" started-at="2021-02-15T16:55:13 IST" name="tearDownClass" finished-at="2021-02-15T16:55:13 IST" duration-ms="11" status="PASS">
          <reporter-output>
          </reporter-output>
        </test-method> <!-- tearDownClass -->
      </class> <!-- TestRun.TestRunner -->
    </test> <!-- QA Login  -->
  </suite> <!-- Suite -->
</testng-results>
