<?xml version="1.0" encoding="UTF-8"?>
<testng-results skipped="0" failed="0" ignored="0" total="5" passed="5">
  <reporter-output>
  </reporter-output>
  <suite name="Suite" duration-ms="22889" started-at="2021-02-15T16:56:52 IST" finished-at="2021-02-15T16:57:15 IST">
    <groups>
      <group name="cucumber">
        <method signature="AbstractTestNGCucumberTests.runScenario(io.cucumber.testng.PickleWrapper, io.cucumber.testng.FeatureWrapper)[pri:0, instance:TestRun.TestRunner@5ddeb7cb]" name="runScenario" class="io.cucumber.testng.AbstractTestNGCucumberTests"/>
      </group> <!-- cucumber -->
    </groups>
    <test name="QA Login " duration-ms="22889" started-at="2021-02-15T16:56:52 IST" finished-at="2021-02-15T16:57:15 IST">
      <class name="TestRun.TestRunner">
        <test-method status="PASS" signature="setUpClass()[pri:0, instance:TestRun.TestRunner@5ddeb7cb]" name="setUpClass" is-config="true" duration-ms="281" started-at="2021-02-15T16:56:52 IST" finished-at="2021-02-15T16:56:52 IST">
          <reporter-output>
          </reporter-output>
        </test-method> <!-- setUpClass -->
        <test-method status="PASS" signature="runScenario(io.cucumber.testng.PickleWrapper, io.cucumber.testng.FeatureWrapper)[pri:0, instance:TestRun.TestRunner@5ddeb7cb]" name="runScenario" duration-ms="8487" started-at="2021-02-15T16:56:52 IST" description="Runs Cucumber Scenarios" data-provider="scenarios" finished-at="2021-02-15T16:57:01 IST">
          <params>
            <param index="0">
              <value>
                <![CDATA["Integrating Login QA to BDD framework"]]>
              </value>
            </param>
            <param index="1">
              <value>
                <![CDATA["Optional[Login QAClickAcademy]"]]>
              </value>
            </param>
          </params>
          <reporter-output>
          </reporter-output>
        </test-method> <!-- runScenario -->
        <test-method status="PASS" signature="runScenario(io.cucumber.testng.PickleWrapper, io.cucumber.testng.FeatureWrapper)[pri:0, instance:TestRun.TestRunner@5ddeb7cb]" name="runScenario" duration-ms="6544" started-at="2021-02-15T16:57:01 IST" description="Runs Cucumber Scenarios" data-provider="scenarios" finished-at="2021-02-15T16:57:07 IST">
          <params>
            <param index="0">
              <value>
                <![CDATA["Integrating Login QA to BDD framework"]]>
              </value>
            </param>
            <param index="1">
              <value>
                <![CDATA["Optional[Login QAClickAcademy]"]]>
              </value>
            </param>
          </params>
          <reporter-output>
          </reporter-output>
        </test-method> <!-- runScenario -->
        <test-method status="PASS" signature="runScenario(io.cucumber.testng.PickleWrapper, io.cucumber.testng.FeatureWrapper)[pri:0, instance:TestRun.TestRunner@5ddeb7cb]" name="runScenario" duration-ms="7517" started-at="2021-02-15T16:57:07 IST" description="Runs Cucumber Scenarios" data-provider="scenarios" finished-at="2021-02-15T16:57:15 IST">
          <params>
            <param index="0">
              <value>
                <![CDATA["Integrating Login QA to BDD framework"]]>
              </value>
            </param>
            <param index="1">
              <value>
                <![CDATA["Optional[Login QAClickAcademy]"]]>
              </value>
            </param>
          </params>
          <reporter-output>
          </reporter-output>
        </test-method> <!-- runScenario -->
        <test-method status="PASS" signature="runScenario(io.cucumber.testng.PickleWrapper, io.cucumber.testng.FeatureWrapper)[pri:0, instance:TestRun.TestRunner@5ddeb7cb]" name="runScenario" duration-ms="3" started-at="2021-02-15T16:57:15 IST" description="Runs Cucumber Scenarios" data-provider="scenarios" finished-at="2021-02-15T16:57:15 IST">
          <params>
            <param index="0">
              <value>
                <![CDATA["Check if user is able to login"]]>
              </value>
            </param>
            <param index="1">
              <value>
                <![CDATA["Optional[Application Login]"]]>
              </value>
            </param>
          </params>
          <reporter-output>
          </reporter-output>
        </test-method> <!-- runScenario -->
        <test-method status="PASS" signature="runScenario(io.cucumber.testng.PickleWrapper, io.cucumber.testng.FeatureWrapper)[pri:0, instance:TestRun.TestRunner@5ddeb7cb]" name="runScenario" duration-ms="5" started-at="2021-02-15T16:57:15 IST" description="Runs Cucumber Scenarios" data-provider="scenarios" finished-at="2021-02-15T16:57:15 IST">
          <params>
            <param index="0">
              <value>
                <![CDATA["Check if user is able to login"]]>
              </value>
            </param>
            <param index="1">
              <value>
                <![CDATA["Optional[Application Login]"]]>
              </value>
            </param>
          </params>
          <reporter-output>
          </reporter-output>
        </test-method> <!-- runScenario -->
        <test-method status="PASS" signature="tearDownClass()[pri:0, instance:TestRun.TestRunner@5ddeb7cb]" name="tearDownClass" is-config="true" duration-ms="14" started-at="2021-02-15T16:57:15 IST" finished-at="2021-02-15T16:57:15 IST">
          <reporter-output>
          </reporter-output>
        </test-method> <!-- tearDownClass -->
      </class> <!-- TestRun.TestRunner -->
    </test> <!-- QA Login  -->
  </suite> <!-- Suite -->
</testng-results>
