<?xml version="1.0" encoding="UTF-8"?>
<testsuite xmlns:xsi="http://www.w3.org/2001/XMLSchema-instance" xsi:noNamespaceSchemaLocation="https://maven.apache.org/surefire/maven-surefire-plugin/xsd/surefire-test-report-3.0.xsd" version="3.0" name="TestSuite" time="24.518" tests="5" errors="0" skipped="0" failures="0">
  <properties>
[...]
</properties>
  <testcase name="runScenario[&quot;Integrating Login QA to BDD framework&quot;, &quot;Optional[Login QAClickAcademy]&quot;](1)" classname="TestRun.TestRunner" time="8.541">
    <system-out><![CDATA[2021-02-15 16:56:52,028 main ERROR Unrecognized format specifier []
2021-02-15 16:56:52,029 main ERROR Empty conversion specifier starting at position 16 in conversion pattern.
true
]]></system-out>
    <system-err><![CDATA[Starting ChromeDriver 87.0.4280.88 (89e2380a3e36c3464b5dd1302349b1382549290d-refs/branch-heads/4280@{#1761}) on port 42932
Only local connections are allowed.
Please see https://chromedriver.chromium.org/security-considerations for suggestions on keeping ChromeDriver safe.
ChromeDriver was started successfully.
[1613388414.849][WARNING]: This version of ChromeDriver has not been tested with Chrome version 88.
Feb 15, 2021 4:56:55 PM org.openqa.selenium.remote.ProtocolHandshake createSession
INFO: Detected dialect: W3C
]]></system-err>
  </testcase>
  <testcase name="runScenario[&quot;Integrating Login QA to BDD framework&quot;, &quot;Optional[Login QAClickAcademy]&quot;](2)" classname="TestRun.TestRunner" time="6.598">
    <system-out><![CDATA[true
]]></system-out>
    <system-err><![CDATA[Starting ChromeDriver 87.0.4280.88 (89e2380a3e36c3464b5dd1302349b1382549290d-refs/branch-heads/4280@{#1761}) on port 44024
Only local connections are allowed.
Please see https://chromedriver.chromium.org/security-considerations for suggestions on keeping ChromeDriver safe.
ChromeDriver was started successfully.
[1613388422.508][WARNING]: This version of ChromeDriver has not been tested with Chrome version 88.
Feb 15, 2021 4:57:03 PM org.openqa.selenium.remote.ProtocolHandshake createSession
INFO: Detected dialect: W3C
]]></system-err>
  </testcase>
  <testcase name="runScenario[&quot;Integrating Login QA to BDD framework&quot;, &quot;Optional[Login QAClickAcademy]&quot;](3)" classname="TestRun.TestRunner" time="7.449">
    <system-out><![CDATA[true
]]></system-out>
    <system-err><![CDATA[Starting ChromeDriver 87.0.4280.88 (89e2380a3e36c3464b5dd1302349b1382549290d-refs/branch-heads/4280@{#1761}) on port 35132
Only local connections are allowed.
Please see https://chromedriver.chromium.org/security-considerations for suggestions on keeping ChromeDriver safe.
ChromeDriver was started successfully.
[1613388429.039][WARNING]: This version of ChromeDriver has not been tested with Chrome version 88.
Feb 15, 2021 4:57:10 PM org.openqa.selenium.remote.ProtocolHandshake createSession
INFO: Detected dialect: W3C
]]></system-err>
  </testcase>
  <testcase name="runScenario[&quot;Check if user is able to login&quot;, &quot;Optional[Application Login]&quot;](4)" classname="TestRun.TestRunner" time="0.01">
    <system-out><![CDATA[User successfully on home page
test
test@123
User successfully landed on welcomw page
true
]]></system-out>
  </testcase>
  <testcase name="runScenario[&quot;Check if user is able to login&quot;, &quot;Optional[Application Login]&quot;](5)" classname="TestRun.TestRunner" time="0.007">
    <system-out><![CDATA[User successfully on home page
best
best@123
User successfully landed on welcomw page
false
]]></system-out>
  </testcase>
</testsuite>